<?xml version="1.0" encoding="UTF-8"?>
<testng-results ignored="0" total="2" passed="2" failed="0" skipped="0">
  <reporter-output>
  </reporter-output>
  <suite started-at="2022-11-25T11:19:56 IST" name="Suite" finished-at="2022-11-25T11:20:22 IST" duration-ms="26349">
    <groups>
    </groups>
    <test started-at="2022-11-25T11:19:56 IST" name="Test" finished-at="2022-11-25T11:20:22 IST" duration-ms="26349">
      <class name="test.ImdbTest">
        <test-method is-config="true" signature="launchBrowser()[pri:0, instance:test.ImdbTest@10feca44]" started-at="2022-11-25T11:19:56 IST" name="launchBrowser" finished-at="2022-11-25T11:20:08 IST" duration-ms="12260" status="PASS">
          <reporter-output>
          </reporter-output>
        </test-method> <!-- launchBrowser -->
        <test-method is-config="true" signature="pageObjects()[pri:0, instance:test.ImdbTest@10feca44]" started-at="2022-11-25T11:20:08 IST" name="pageObjects" finished-at="2022-11-25T11:20:08 IST" duration-ms="198" status="PASS">
          <reporter-output>
          </reporter-output>
        </test-method> <!-- pageObjects -->
        <test-method signature="countryTest()[pri:1, instance:test.ImdbTest@10feca44]" started-at="2022-11-25T11:20:08 IST" name="countryTest" finished-at="2022-11-25T11:20:16 IST" duration-ms="7902" status="PASS">
          <reporter-output>
          </reporter-output>
        </test-method> <!-- countryTest -->
        <test-method signature="dateTest()[pri:2, instance:test.ImdbTest@10feca44]" started-at="2022-11-25T11:20:16 IST" name="dateTest" finished-at="2022-11-25T11:20:21 IST" duration-ms="4726" status="PASS">
          <reporter-output>
          </reporter-output>
        </test-method> <!-- dateTest -->
        <test-method is-config="true" signature="teardown()[pri:0, instance:test.ImdbTest@10feca44]" started-at="2022-11-25T11:20:21 IST" name="teardown" finished-at="2022-11-25T11:20:22 IST" duration-ms="1144" status="PASS">
          <reporter-output>
          </reporter-output>
        </test-method> <!-- teardown -->
      </class> <!-- test.ImdbTest -->
    </test> <!-- Test -->
  </suite> <!-- Suite -->
</testng-results>
